<?xml version="1.0" encoding="UTF-8"?>
<testsuite xmlns:xsi="http://www.w3.org/2001/XMLSchema-instance" xsi:noNamespaceSchemaLocation="https://maven.apache.org/surefire/maven-surefire-plugin/xsd/surefire-test-report.xsd" name="sk.stuba.fei.uim.vsa.pr1c.bonus.CarParkFloorEmbeddedIdTest" time="7.337" tests="3" errors="0" skipped="0" failures="0">
  <properties>
[...]
</properties>
  <testcase name="BONUSE03_getAllCarParkFloorsEmbedded" classname="sk.stuba.fei.uim.vsa.pr1c.bonus.CarParkFloorEmbeddedIdTest" time="1.315"/>
  <testcase name="BONUSE02_deleteCarParkFloorEmbeddedTest" classname="sk.stuba.fei.uim.vsa.pr1c.bonus.CarParkFloorEmbeddedIdTest" time="0.359"/>
  <testcase name="BONUSE01_createAndGetCarParkFloorTestEmbedded" classname="sk.stuba.fei.uim.vsa.pr1c.bonus.CarParkFloorEmbeddedIdTest" time="0.406"/>
</testsuite>
<testsuite xmlns:xsi="http://www.w3.org/2001/XMLSchema-instance" xsi:noNamespaceSchemaLocation="https://maven.apache.org/surefire/maven-surefire-plugin/xsd/surefire-test-report.xsd" name="sk.stuba.fei.uim.vsa.pr1c.bonus.EntityUpdateTest" time="2.685" tests="5" errors="1" skipped="0" failures="1">
  <properties>
[...]
</properties>
  <testcase name="BONUSU03_updateCarParkTest" classname="sk.stuba.fei.uim.vsa.pr1c.bonus.EntityUpdateTest" time="0.431"/>
  <testcase name="BONUSU01_shouldUpdateCarBrandAndModel" classname="sk.stuba.fei.uim.vsa.pr1c.bonus.EntityUpdateTest" time="0.535">
    <failure message="expected: not &lt;null&gt;" type="org.opentest4j.AssertionFailedError"><![CDATA[org.opentest4j.AssertionFailedError: expected: not <null>
	at sk.stuba.fei.uim.vsa.pr1c.bonus.EntityUpdateTest.BONUSU01_shouldUpdateCarBrandAndModel(EntityUpdateTest.java:49)
]]></failure>
    <system-out><![CDATA[[EL Fine]: sql: 2022-05-23 23:50:51.055--ServerSession(1160649162)--Connection(279566689)--SELECT USERID, EMAIL, FIRSTNAME, LASTNAME FROM USER
[EL Fine]: sql: 2022-05-23 23:50:51.066--ClientSession(1088239991)--Connection(279566689)--INSERT INTO USER (USERID, EMAIL, FIRSTNAME, LASTNAME) VALUES (?, ?, ?, ?)
	bind => [5, jozko.mrkvicka@example.com, Jožko, Mrkvička]
[EL Fine]: sql: 2022-05-23 23:50:51.089--ServerSession(1160649162)--Connection(279566689)--SELECT CARID, BRAND, COLOR, MODEL, VEHICLEREGISTRATIONPLATE, USERID FROM CAR
[EL Fine]: sql: 2022-05-23 23:50:51.1--ClientSession(1837601499)--Connection(279566689)--INSERT INTO CAR (CARID, BRAND, COLOR, MODEL, VEHICLEREGISTRATIONPLATE, USERID) VALUES (?, ?, ?, ?, ?, ?)
	bind => [6, Audi, black, A7, BL798XX, 5]
[EL Fine]: sql: 2022-05-23 23:50:51.116--ServerSession(1160649162)--Connection(279566689)--SELECT CARID, BRAND, COLOR, MODEL, VEHICLEREGISTRATIONPLATE, USERID FROM CAR
]]></system-out>
  </testcase>
  <testcase name="BONUSU04_updateParkingSpotWithoutType" classname="sk.stuba.fei.uim.vsa.pr1c.bonus.EntityUpdateTest" time="0.437"/>
  <testcase name="BONUSU02_shouldCreateAndUpdateUserByChangingEmail" classname="sk.stuba.fei.uim.vsa.pr1c.bonus.EntityUpdateTest" time="0.453"/>
  <testcase name="BONUSU05_shouldCreateAndUpdateReservation" classname="sk.stuba.fei.uim.vsa.pr1c.bonus.EntityUpdateTest" time="0.597">
    <error type="java.lang.NullPointerException">java.lang.NullPointerException
	at sk.stuba.fei.uim.vsa.pr1c.bonus.EntityUpdateTest.lambda$BONUSU05_shouldCreateAndUpdateReservation$1(EntityUpdateTest.java:252)
	at sk.stuba.fei.uim.vsa.pr1c.bonus.EntityUpdateTest.BONUSU05_shouldCreateAndUpdateReservation(EntityUpdateTest.java:250)
</error>
    <system-out><![CDATA[[EL Fine]: sql: 2022-05-23 23:50:52.38--ServerSession(1160649162)--Connection(279566689)--SELECT CARPARKID, ADDRESS, NAME, PRICEPERHOUR FROM CAR_PARK
[EL Fine]: sql: 2022-05-23 23:50:52.388--ClientSession(1410367298)--Connection(279566689)--INSERT INTO CAR_PARK (CARPARKID, ADDRESS, NAME, PRICEPERHOUR) VALUES (?, ?, ?, ?)
	bind => [10, testtest, test8, 12]
[EL Fine]: sql: 2022-05-23 23:50:52.405--ServerSession(1160649162)--Connection(279566689)--SELECT FLOORIDENTIFIER, CARPARKID FROM CAR_PARK_FLOOR
[EL Fine]: sql: 2022-05-23 23:50:52.411--ClientSession(1428494531)--Connection(279566689)--INSERT INTO CAR_PARK_FLOOR (FLOORIDENTIFIER, CARPARKID) VALUES (?, ?)
	bind => [Floor3-1, 10]
[EL Fine]: sql: 2022-05-23 23:50:52.426--ServerSession(1160649162)--Connection(279566689)--SELECT FLOORIDENTIFIER, CARPARKID FROM CAR_PARK_FLOOR WHERE ((CARPARKID = ?) AND (FLOORIDENTIFIER = ?))
	bind => [10, Floor3-1]
[EL Fine]: sql: 2022-05-23 23:50:52.438--ServerSession(1160649162)--Connection(279566689)--SELECT t1.PARKINGSPOTID, t1.SPOTIDENTIFIER, t1.FLOORIDENTIFIER, t1.CARPARID FROM CAR_PARK_FLOOR t0, PARKING_SPOT t1 WHERE ((t0.CARPARKID = ?) AND ((t0.CARPARKID = t1.CARPARID) AND (t0.FLOORIDENTIFIER = t1.FLOORIDENTIFIER)))
	bind => [10]
[EL Fine]: sql: 2022-05-23 23:50:52.453--ClientSession(82825098)--Connection(279566689)--INSERT INTO PARKING_SPOT (PARKINGSPOTID, SPOTIDENTIFIER, FLOORIDENTIFIER, CARPARID) VALUES (?, ?, ?, ?)
	bind => [11, 1.01, Floor3-1, 10]
[EL Fine]: sql: 2022-05-23 23:50:52.47--ServerSession(1160649162)--Connection(279566689)--SELECT USERID, EMAIL, FIRSTNAME, LASTNAME FROM USER
[EL Fine]: sql: 2022-05-23 23:50:52.487--ClientSession(1313799195)--Connection(279566689)--INSERT INTO USER (USERID, EMAIL, FIRSTNAME, LASTNAME) VALUES (?, ?, ?, ?)
	bind => [12, jozko.mrkvicka@example.com, Jožko, Mrkvička]
[EL Fine]: sql: 2022-05-23 23:50:52.511--ServerSession(1160649162)--Connection(279566689)--SELECT CARID, BRAND, COLOR, MODEL, VEHICLEREGISTRATIONPLATE, USERID FROM CAR
[EL Fine]: sql: 2022-05-23 23:50:52.523--ClientSession(793269462)--Connection(279566689)--INSERT INTO CAR (CARID, BRAND, COLOR, MODEL, VEHICLEREGISTRATIONPLATE, USERID) VALUES (?, ?, ?, ?, ?, ?)
	bind => [13, Audi, black, A7, BL798XX, 12]
[EL Fine]: sql: 2022-05-23 23:50:52.562--ClientSession(1052842393)--Connection(279566689)--INSERT INTO RESERVATION (RESERVATIONID, ENDDATE, PRICE, STARTDATE, CARID, PARKINGSPOTID) VALUES (?, ?, ?, ?, ?, ?)
	bind => [14, null, null, 2022-05-23 23:50:52.552, 13, 11]
[EL Fine]: sql: 2022-05-23 23:50:52.624--ServerSession(1160649162)--Connection(279566689)--SELECT RESERVATIONID, ENDDATE, PRICE, STARTDATE, CARID, PARKINGSPOTID FROM RESERVATION
]]></system-out>
  </testcase>
</testsuite>